Build started 22/06/2014 3:00:29 CH.
     1>Project "D:\DEADLINE\PPLTHDT\Source Code\1263123\1263123.vcxproj" on node 2 (Build target(s)).
     1>ClCompile:
         C:\Program Files (x86)\Microsoft Visual Studio 12.0\VC\bin\CL.exe /c /ZI /nologo /W3 /WX- /Od /Oy- /D WIN32 /D _DEBUG /D _CONSOLE /D _UNICODE /D UNICODE /Gm /EHsc /RTC1 /MDd /GS /fp:precise /Zc:wchar_t /Zc:forScope /Fo"Debug\\" /Fd"Debug\vc120.pdb" /Gd /TP /analyze- /errorReport:prompt Game.cpp main.cpp
         Game.cpp
     1>d:\deadline\pplthdt\source code\1263123\sharps.h(2): warning C4309: 'initializing' : truncation of constant value
     1>d:\deadline\pplthdt\source code\1263123\game.h(3): warning C4067: unexpected tokens following preprocessor directive - expected a newline
     1>d:\deadline\pplthdt\source code\1263123\game.cpp(25): warning C4018: '<' : signed/unsigned mismatch
     1>d:\deadline\pplthdt\source code\1263123\game.cpp(27): warning C4018: '<' : signed/unsigned mismatch
         Generating Code...
         Compiling...
         main.cpp
     1>d:\deadline\pplthdt\source code\1263123\sharps.h(2): warning C4309: 'initializing' : truncation of constant value
     1>d:\deadline\pplthdt\source code\1263123\game.h(3): warning C4067: unexpected tokens following preprocessor directive - expected a newline
         Generating Code...
       Link:
         C:\Program Files (x86)\Microsoft Visual Studio 12.0\VC\bin\link.exe /ERRORREPORT:PROMPT /OUT:"D:\DEADLINE\PPLTHDT\Source Code\Debug\1263123.exe" /INCREMENTAL /NOLOGO kernel32.lib user32.lib gdi32.lib winspool.lib comdlg32.lib advapi32.lib shell32.lib ole32.lib oleaut32.lib uuid.lib odbc32.lib odbccp32.lib /MANIFEST /MANIFESTUAC:"level='asInvoker' uiAccess='false'" /manifest:embed /DEBUG /PDB:"D:\DEADLINE\PPLTHDT\Source Code\Debug\1263123.pdb" /SUBSYSTEM:CONSOLE /TLBID:1 /DYNAMICBASE /NXCOMPAT /IMPLIB:"D:\DEADLINE\PPLTHDT\Source Code\Debug\1263123.lib" /MACHINE:X86 Debug\CslFunc.obj
         Debug\Game.obj
         Debug\main.obj
         Debug\Sharps.obj
         1263123.vcxproj -> D:\DEADLINE\PPLTHDT\Source Code\Debug\1263123.exe
     1>Done Building Project "D:\DEADLINE\PPLTHDT\Source Code\1263123\1263123.vcxproj" (Build target(s)).

Build succeeded.

Time Elapsed 00:00:02.80
